<?xml version="1.0" encoding="UTF-8"?>
<!-- Generated by org.testng.reporters.JUnitReportReporter -->
<testsuite hostname="SanjivKoiri" failures="0" tests="1" name="com.gmail.testCases.TC_InboxPage" time="8.539" errors="0" timestamp="2024-07-07T19:35:36 IST" skipped="0">
  <testcase classname="com.gmail.testCases.TC_InboxPage" name="test_DelteEmails" time="8.539"/>
  <system-out/>
</testsuite> <!-- com.gmail.testCases.TC_InboxPage -->
