<?xml version="1.0" encoding="UTF-8"?>
<!-- Generated by org.testng.reporters.JUnitReportReporter -->
<testsuite hostname="DESKTOP-J5S0LPJ" failures="0" tests="1" name="com.gmail.testCases.TC_InboxPage" time="20.502" errors="0" timestamp="2024-06-29T10:37:20 IST" skipped="0">
  <testcase classname="com.gmail.testCases.TC_InboxPage" name="test_DelteEmails" time="20.502"/>
</testsuite> <!-- com.gmail.testCases.TC_InboxPage -->
